<?xml version="1.0" encoding="UTF-8"?>
<testng-results ignored="0" total="1" passed="1" failed="0" skipped="0">
  <reporter-output>
  </reporter-output>
  <suite started-at="2022-12-23T21:53:36 GST" name="Surefire suite" finished-at="2022-12-23T21:54:04 GST" duration-ms="27918">
    <groups>
    </groups>
    <test started-at="2022-12-23T21:53:36 GST" name="Surefire test" finished-at="2022-12-23T21:54:04 GST" duration-ms="27918">
      <class name="saen.com.stctv.LandingPageTests">
        <test-method signature="landingPageTest()[pri:0, instance:saen.com.stctv.LandingPageTests@2b546384]" started-at="2022-12-23T21:53:36 GST" name="landingPageTest" finished-at="2022-12-23T21:54:04 GST" duration-ms="27873" status="PASS">
          <reporter-output>
          </reporter-output>
        </test-method> <!-- landingPageTest -->
      </class> <!-- saen.com.stctv.LandingPageTests -->
    </test> <!-- Surefire test -->
  </suite> <!-- Surefire suite -->
</testng-results>
