<?xml version="1.0" encoding="UTF-8"?>
<testng-results ignored="0" total="3" passed="3" failed="0" skipped="0">
  <reporter-output>
  </reporter-output>
  <suite started-at="2022-12-25T03:09:19 GST" name="AllTests" finished-at="2022-12-25T03:10:58 GST" duration-ms="98683">
    <groups>
    </groups>
    <test started-at="2022-12-25T03:09:19 GST" name="AutomationOfSCTV" finished-at="2022-12-25T03:10:58 GST" duration-ms="98683">
      <class name="pages.TestClass">
        <test-method is-config="true" signature="StartDriver()[pri:0, instance:pages.TestClass@4facf68f]" started-at="2022-12-25T03:09:19 GST" name="StartDriver" finished-at="2022-12-25T03:09:25 GST" duration-ms="6421" status="PASS">
          <reporter-output>
          </reporter-output>
        </test-method> <!-- StartDriver -->
        <test-method signature="BahrainValidation()[pri:0, instance:pages.TestClass@4facf68f]" started-at="2022-12-25T03:09:25 GST" name="BahrainValidation" finished-at="2022-12-25T03:09:54 GST" duration-ms="28775" status="PASS">
          <reporter-output>
          </reporter-output>
        </test-method> <!-- BahrainValidation -->
        <test-method is-config="true" signature="QuitDriver()[pri:0, instance:pages.TestClass@4facf68f]" started-at="2022-12-25T03:09:54 GST" name="QuitDriver" finished-at="2022-12-25T03:09:54 GST" duration-ms="116" status="PASS">
          <reporter-output>
          </reporter-output>
        </test-method> <!-- QuitDriver -->
        <test-method is-config="true" signature="StartDriver()[pri:0, instance:pages.TestClass@4facf68f]" started-at="2022-12-25T03:09:54 GST" name="StartDriver" finished-at="2022-12-25T03:10:00 GST" duration-ms="5315" status="PASS">
          <reporter-output>
          </reporter-output>
        </test-method> <!-- StartDriver -->
        <test-method signature="KuwaitValidation()[pri:0, instance:pages.TestClass@4facf68f]" started-at="2022-12-25T03:10:00 GST" name="KuwaitValidation" finished-at="2022-12-25T03:10:29 GST" duration-ms="29686" status="PASS">
          <reporter-output>
          </reporter-output>
        </test-method> <!-- KuwaitValidation -->
        <test-method is-config="true" signature="QuitDriver()[pri:0, instance:pages.TestClass@4facf68f]" started-at="2022-12-25T03:10:29 GST" name="QuitDriver" finished-at="2022-12-25T03:10:29 GST" duration-ms="112" status="PASS">
          <reporter-output>
          </reporter-output>
        </test-method> <!-- QuitDriver -->
        <test-method is-config="true" signature="StartDriver()[pri:0, instance:pages.TestClass@4facf68f]" started-at="2022-12-25T03:10:29 GST" name="StartDriver" finished-at="2022-12-25T03:10:34 GST" duration-ms="4812" status="PASS">
          <reporter-output>
          </reporter-output>
        </test-method> <!-- StartDriver -->
        <test-method signature="ksaValidations()[pri:1, instance:pages.TestClass@4facf68f]" started-at="2022-12-25T03:10:34 GST" name="ksaValidations" finished-at="2022-12-25T03:10:58 GST" duration-ms="23271" status="PASS">
          <reporter-output>
          </reporter-output>
        </test-method> <!-- ksaValidations -->
        <test-method is-config="true" signature="QuitDriver()[pri:0, instance:pages.TestClass@4facf68f]" started-at="2022-12-25T03:10:58 GST" name="QuitDriver" finished-at="2022-12-25T03:10:58 GST" duration-ms="108" status="PASS">
          <reporter-output>
          </reporter-output>
        </test-method> <!-- QuitDriver -->
      </class> <!-- pages.TestClass -->
    </test> <!-- AutomationOfSCTV -->
  </suite> <!-- AllTests -->
</testng-results>
